{
  "RSpec": {
    "coverage": {
      "/Users/flatironschool/Development/code/watchmyreviews/app/controllers/static_pages_controller.rb": [
        1,
        1,
        null,
        null
      ],
      "/Users/flatironschool/Development/code/watchmyreviews/app/controllers/application_controller.rb": [
        1,
        null,
        null,
        1,
        null,
        1,
        1,
        0,
        null,
        1,
        null
      ],
      "/Users/flatironschool/Development/code/watchmyreviews/app/models/user.rb": [
        1,
        null,
        1,
        0,
        0,
        0,
        0,
        0,
        0,
        0,
        null,
        0,
        0,
        0,
        0,
        0,
        0,
        0,
        0,
        null,
        null,
        null,
        null
      ]
    },
    "timestamp": 1400717893
  }
}
